[0m22:59:31.220503 [debug] [MainThread]: Sending event: {'category': 'dbt', 'action': 'invocation', 'label': 'start', 'context': [<snowplow_tracker.self_describing_json.SelfDescribingJson object at 0x7f84e9dc4f40>, <snowplow_tracker.self_describing_json.SelfDescribingJson object at 0x7f84e83d6410>, <snowplow_tracker.self_describing_json.SelfDescribingJson object at 0x7f84e83d63b0>]}


============================== 22:59:31.225810 | cb92fc7b-e157-4a16-8d26-5e843240f792 ==============================
[0m22:59:31.225810 [info ] [MainThread]: Running with dbt=1.8.7
[0m22:59:31.227008 [debug] [MainThread]: running dbt with arguments {'printer_width': '80', 'indirect_selection': 'eager', 'write_json': 'True', 'log_cache_events': 'False', 'partial_parse': 'True', 'cache_selected_only': 'False', 'profiles_dir': '/home/vscode/.dbt', 'debug': 'False', 'version_check': 'True', 'log_path': 'logs', 'warn_error': 'None', 'fail_fast': 'False', 'use_colors': 'True', 'use_experimental_parser': 'False', 'no_print': 'None', 'quiet': 'False', 'empty': 'None', 'warn_error_options': 'WarnErrorOptions(include=[], exclude=[])', 'static_parser': 'True', 'log_format': 'default', 'introspect': 'True', 'target_path': 'None', 'invocation_command': 'dbt init', 'send_anonymous_usage_stats': 'True'}
[0m22:59:32.951473 [debug] [MainThread]: Starter project path: /workspaces/gsbq/.venv/lib/python3.10/site-packages/dbt/include/starter_project
[0m22:59:32.967941 [info ] [MainThread]:
Your new dbt project "gsbq" was created!

For more information on how to configure the profiles.yml file,
please consult the dbt documentation here:

  https://docs.getdbt.com/docs/configure-your-profile

One more thing:

Need help? Don't hesitate to reach out to us via GitHub issues or on Slack:

  https://community.getdbt.com/

Happy modeling!

[0m22:59:32.968667 [info ] [MainThread]: Setting up your profile.
[0m23:00:17.266698 [info ] [MainThread]: Profile gsbq written to /home/vscode/.dbt/profiles.yml using target's profile_template.yml and your supplied values. Run 'dbt debug' to validate the connection.
[0m23:00:17.269613 [debug] [MainThread]: Resource report: {"command_name": "init", "command_success": true, "command_wall_clock_time": 46.127205, "process_user_time": 5.473195, "process_kernel_time": 0.361083, "process_mem_max_rss": "205844", "process_in_blocks": "512", "process_out_blocks": "6580"}
[0m23:00:17.271397 [debug] [MainThread]: Command `dbt init` succeeded at 23:00:17.271143 after 46.13 seconds
[0m23:00:17.272543 [debug] [MainThread]: Sending event: {'category': 'dbt', 'action': 'invocation', 'label': 'end', 'context': [<snowplow_tracker.self_describing_json.SelfDescribingJson object at 0x7f84e9dc4f40>, <snowplow_tracker.self_describing_json.SelfDescribingJson object at 0x7f84a23430a0>, <snowplow_tracker.self_describing_json.SelfDescribingJson object at 0x7f84e83d6770>]}
[0m23:00:17.273737 [debug] [MainThread]: Flushing usage events
[0m23:00:25.140217 [debug] [MainThread]: Sending event: {'category': 'dbt', 'action': 'invocation', 'label': 'start', 'context': [<snowplow_tracker.self_describing_json.SelfDescribingJson object at 0x7f46ecb74f70>, <snowplow_tracker.self_describing_json.SelfDescribingJson object at 0x7f46eb322470>, <snowplow_tracker.self_describing_json.SelfDescribingJson object at 0x7f46eb3223e0>]}


============================== 23:00:25.144325 | dac871e6-09f1-47cb-9d0b-a825b250c46d ==============================
[0m23:00:25.144325 [info ] [MainThread]: Running with dbt=1.8.7
[0m23:00:25.145071 [debug] [MainThread]: running dbt with arguments {'printer_width': '80', 'indirect_selection': 'eager', 'write_json': 'True', 'log_cache_events': 'False', 'partial_parse': 'True', 'cache_selected_only': 'False', 'warn_error': 'None', 'debug': 'False', 'profiles_dir': '/home/vscode/.dbt', 'log_path': 'logs', 'version_check': 'True', 'fail_fast': 'False', 'use_colors': 'True', 'use_experimental_parser': 'False', 'no_print': 'None', 'quiet': 'False', 'empty': 'None', 'log_format': 'default', 'static_parser': 'True', 'introspect': 'True', 'invocation_command': 'dbt debug', 'target_path': 'None', 'warn_error_options': 'WarnErrorOptions(include=[], exclude=[])', 'send_anonymous_usage_stats': 'True'}
[0m23:00:25.162775 [info ] [MainThread]: dbt version: 1.8.7
[0m23:00:25.163427 [info ] [MainThread]: python version: 3.10.12
[0m23:00:25.163884 [info ] [MainThread]: python path: /workspaces/gsbq/.venv/bin/python
[0m23:00:25.164319 [info ] [MainThread]: os info: Linux-6.10.4-linuxkit-x86_64-with-glibc2.31
[0m23:00:26.183915 [info ] [MainThread]: Using profiles dir at /home/vscode/.dbt
[0m23:00:26.185017 [info ] [MainThread]: Using profiles.yml file at /home/vscode/.dbt/profiles.yml
[0m23:00:26.185900 [info ] [MainThread]: Using dbt_project.yml file at /workspaces/gsbq/dbt/dbt_project.yml
[0m23:00:26.186979 [info ] [MainThread]: adapter type: bigquery
[0m23:00:26.188555 [info ] [MainThread]: adapter version: 1.8.3
[0m23:00:26.189464 [info ] [MainThread]: Configuration:
[0m23:00:26.190037 [info ] [MainThread]:   profiles.yml file [[32mOK found and valid[0m]
[0m23:00:26.191002 [info ] [MainThread]:   dbt_project.yml file [[31mERROR not found[0m]
[0m23:00:26.191592 [info ] [MainThread]: Required dependencies:
[0m23:00:26.192054 [debug] [MainThread]: Executing "git --help"
[0m23:00:26.194509 [debug] [MainThread]: STDOUT: "b"usage: git [-v | --version] [-h | --help] [-C <path>] [-c <name>=<value>]\n           [--exec-path[=<path>]] [--html-path] [--man-path] [--info-path]\n           [-p | --paginate | -P | --no-pager] [--no-replace-objects] [--bare]\n           [--git-dir=<path>] [--work-tree=<path>] [--namespace=<name>]\n           [--config-env=<name>=<envvar>] <command> [<args>]\n\nThese are common Git commands used in various situations:\n\nstart a working area (see also: git help tutorial)\n   clone     Clone a repository into a new directory\n   init      Create an empty Git repository or reinitialize an existing one\n\nwork on the current change (see also: git help everyday)\n   add       Add file contents to the index\n   mv        Move or rename a file, a directory, or a symlink\n   restore   Restore working tree files\n   rm        Remove files from the working tree and from the index\n\nexamine the history and state (see also: git help revisions)\n   bisect    Use binary search to find the commit that introduced a bug\n   diff      Show changes between commits, commit and working tree, etc\n   grep      Print lines matching a pattern\n   log       Show commit logs\n   show      Show various types of objects\n   status    Show the working tree status\n\ngrow, mark and tweak your common history\n   branch    List, create, or delete branches\n   commit    Record changes to the repository\n   merge     Join two or more development histories together\n   rebase    Reapply commits on top of another base tip\n   reset     Reset current HEAD to the specified state\n   switch    Switch branches\n   tag       Create, list, delete or verify a tag object signed with GPG\n\ncollaborate (see also: git help workflows)\n   fetch     Download objects and refs from another repository\n   pull      Fetch from and integrate with another repository or a local branch\n   push      Update remote refs along with associated objects\n\n'git help -a' and 'git help -g' list available subcommands and some\nconcept guides. See 'git help <command>' or 'git help <concept>'\nto read about a specific subcommand or concept.\nSee 'git help git' for an overview of the system.\n""
[0m23:00:26.195192 [debug] [MainThread]: STDERR: "b''"
[0m23:00:26.195627 [info ] [MainThread]:  - git [[32mOK found[0m]

[0m23:00:26.196055 [info ] [MainThread]: Connection:
[0m23:00:26.196552 [info ] [MainThread]:   method: service-account
[0m23:00:26.196944 [info ] [MainThread]:   database: gsbq-demo
[0m23:00:26.197456 [info ] [MainThread]:   execution_project: gsbq-demo
[0m23:00:26.197933 [info ] [MainThread]:   schema: gsbq_dataset
[0m23:00:26.198370 [info ] [MainThread]:   location: US
[0m23:00:26.198749 [info ] [MainThread]:   priority: interactive
[0m23:00:26.199137 [info ] [MainThread]:   maximum_bytes_billed: None
[0m23:00:26.199554 [info ] [MainThread]:   impersonate_service_account: None
[0m23:00:26.199945 [info ] [MainThread]:   job_retry_deadline_seconds: None
[0m23:00:26.200425 [info ] [MainThread]:   job_retries: 1
[0m23:00:26.200817 [info ] [MainThread]:   job_creation_timeout_seconds: None
[0m23:00:26.201233 [info ] [MainThread]:   job_execution_timeout_seconds: 300
[0m23:00:26.201624 [info ] [MainThread]:   timeout_seconds: 300
[0m23:00:26.201995 [info ] [MainThread]:   client_id: None
[0m23:00:26.202376 [info ] [MainThread]:   token_uri: None
[0m23:00:26.202770 [info ] [MainThread]:   dataproc_region: None
[0m23:00:26.203187 [info ] [MainThread]:   dataproc_cluster_name: None
[0m23:00:26.203688 [info ] [MainThread]:   gcs_bucket: None
[0m23:00:26.204079 [info ] [MainThread]:   dataproc_batch: None
[0m23:00:26.204694 [info ] [MainThread]: Registered adapter: bigquery=1.8.3
[0m23:00:26.208519 [debug] [MainThread]: Acquiring new bigquery connection 'debug'
[0m23:00:26.209199 [debug] [MainThread]: Opening a new connection, currently in state init
[0m23:00:26.210030 [debug] [MainThread]: BigQuery adapter: Got an error when attempting to create a bigquery client: '[Errno 2] No such file or directory: 'google_service_account_key.json''
[0m23:00:26.210647 [info ] [MainThread]:   Connection test: [[31mERROR[0m]

[0m23:00:26.211207 [info ] [MainThread]: [31m2 checks failed:[0m
[0m23:00:26.211735 [info ] [MainThread]: Project loading failed for the following reason:
 project path </workspaces/gsbq/dbt/dbt_project.yml> not found

[0m23:00:26.212207 [info ] [MainThread]: dbt was unable to connect to the specified database.
The database returned the following error:

  >Database Error
  [Errno 2] No such file or directory: 'google_service_account_key.json'

Check your database credentials and try again. For more information, visit:
https://docs.getdbt.com/docs/configure-your-profile


[0m23:00:26.213432 [debug] [MainThread]: Resource report: {"command_name": "debug", "command_wall_clock_time": 1.1515949, "process_user_time": 4.983847, "process_kernel_time": 0.241986, "process_mem_max_rss": "205500", "process_in_blocks": "104", "process_out_blocks": "48", "command_success": false}
[0m23:00:26.214220 [debug] [MainThread]: Command `dbt debug` failed at 23:00:26.214083 after 1.15 seconds
[0m23:00:26.214713 [debug] [MainThread]: Connection 'debug' was properly closed.
[0m23:00:26.215228 [debug] [MainThread]: Sending event: {'category': 'dbt', 'action': 'invocation', 'label': 'end', 'context': [<snowplow_tracker.self_describing_json.SelfDescribingJson object at 0x7f46ecb74f70>, <snowplow_tracker.self_describing_json.SelfDescribingJson object at 0x7f46a4033610>, <snowplow_tracker.self_describing_json.SelfDescribingJson object at 0x7f46a40337c0>]}
[0m23:00:26.215832 [debug] [MainThread]: Flushing usage events
